<?xml version="1.0" encoding="UTF-8"?>
<robot generator="Robot 3.2.2 (Python 3.8.5 on win32)" generated="20200916 17:20:11.573" rpa="false">
<suite id="s1" name="Produto" source="C:\tribo inteligência comercial\squad abastecimento\robotFramework\Produto.robot">
<test id="s1-t1" name="RchloTest">
<kw name="Open Browser" library="SeleniumLibrary">
<doc>Opens a new browser instance to the optional ``url``.</doc>
<arguments>
<arg>${SITE_RCHLO}</arg>
<arg>${BROWSER}</arg>
</arguments>
<msg timestamp="20200916 17:20:12.176" level="INFO">Opening browser 'chrome' to base url 'https://www.riachuelo.com.br/'.</msg>
<status status="PASS" starttime="20200916 17:20:12.176" endtime="20200916 17:20:16.083"></status>
</kw>
<kw name="Input Text" library="SeleniumLibrary">
<doc>Types the given ``text`` into the text field identified by ``locator``.</doc>
<arguments>
<arg>xpath=/html/body/div[2]/header/div/div[1]/div[4]/div[1]/div[2]/form/div/div[2]/input</arg>
<arg>jeans</arg>
</arguments>
<msg timestamp="20200916 17:20:16.084" level="INFO">Typing text 'jeans' into text field 'xpath=/html/body/div[2]/header/div/div[1]/div[4]/div[1]/div[2]/form/div/div[2]/input'.</msg>
<status status="PASS" starttime="20200916 17:20:16.083" endtime="20200916 17:20:16.700"></status>
</kw>
<kw name="Press Keys" library="SeleniumLibrary">
<doc>Simulates the user pressing key(s) to an element or on the active browser.</doc>
<arguments>
<arg>xpath=//*[@id="search"]</arg>
<arg>ENTER</arg>
</arguments>
<msg timestamp="20200916 17:20:16.702" level="INFO">Sending key(s) ('ENTER',) to xpath=//*[@id="search"] element.</msg>
<msg timestamp="20200916 17:20:17.099" level="INFO">Pressing special key ENTER to element.</msg>
<msg timestamp="20200916 17:20:17.100" level="INFO">Releasing special key ENTER.</msg>
<status status="PASS" starttime="20200916 17:20:16.702" endtime="20200916 17:20:17.227"></status>
</kw>
<kw name="Wait Until Page Contains Element" library="SeleniumLibrary">
<doc>Waits until the element ``locator`` appears on the current page.</doc>
<arguments>
<arg>xpath=/html/body/div[7]/div[1]/div/p</arg>
</arguments>
<status status="PASS" starttime="20200916 17:20:17.229" endtime="20200916 17:20:23.781"></status>
</kw>
<kw name="Sleep" library="BuiltIn">
<doc>Pauses the test executed for the given time.</doc>
<arguments>
<arg>5s</arg>
</arguments>
<msg timestamp="20200916 17:20:28.783" level="INFO">Slept 5 seconds</msg>
<status status="PASS" starttime="20200916 17:20:23.782" endtime="20200916 17:20:28.783"></status>
</kw>
<kw name="Close Browser" library="SeleniumLibrary">
<doc>Closes the current browser.</doc>
<status status="PASS" starttime="20200916 17:20:28.784" endtime="20200916 17:20:31.349"></status>
</kw>
<status status="PASS" starttime="20200916 17:20:12.175" endtime="20200916 17:20:31.350" critical="yes"></status>
</test>
<doc>Riachuelo - Tribo Inteligência Comercial - Squad Abastecimento</doc>
<status status="PASS" starttime="20200916 17:20:11.578" endtime="20200916 17:20:31.352"></status>
</suite>
<statistics>
<total>
<stat pass="1" fail="0">Critical Tests</stat>
<stat pass="1" fail="0">All Tests</stat>
</total>
<tag>
</tag>
<suite>
<stat pass="1" fail="0" id="s1" name="Produto">Produto</stat>
</suite>
</statistics>
<errors>
</errors>
</robot>
